# JRE version: Java(TM) SE Runtime Environment (8.0_212-b10) (build 1.8.0_212-b10)
# Java VM: Java HotSpot(TM) 64-Bit Server VM (25.212-b10 mixed mode windows-amd64 compressed oops)
Heap:
 PSYoungGen      total 169472K, used 48764K [0x00000000eb380000, 0x00000000f7580000, 0x0000000100000000)
  eden space 158208K, 30% used [0x00000000eb380000,0x00000000ee31f1d0,0x00000000f4e00000)
  from space 11264K, 0% used [0x00000000f5a80000,0x00000000f5a80000,0x00000000f6580000)
  to   space 12800K, 0% used [0x00000000f4e00000,0x00000000f4e00000,0x00000000f5a80000)
 ParOldGen       total 49664K, used 16315K [0x00000000c1a00000, 0x00000000c4a80000, 0x00000000eb380000)
  object space 49664K, 32% used [0x00000000c1a00000,0x00000000c29eed08,0x00000000c4a80000)
 Metaspace       used 37450K, capacity 39610K, committed 39808K, reserved 1083392K
  class space    used 5229K, capacity 5654K, committed 5760K, reserved 1048576K
GC Heap History (10 events):
Event: 2.071 GC heap before
{Heap before GC invocations=8 (full 1):
 PSYoungGen      total 71680K, used 5685K [0x00000000eb380000, 0x00000000f3f80000, 0x0000000100000000)
  eden space 64000K, 0% used [0x00000000eb380000,0x00000000eb380000,0x00000000ef200000)
  from space 7680K, 74% used [0x00000000ef200000,0x00000000ef78d558,0x00000000ef980000)
  to   space 7680K, 0% used [0x00000000f3800000,0x00000000f3800000,0x00000000f3f80000)
 ParOldGen       total 44032K, used 8118K [0x00000000c1a00000, 0x00000000c4500000, 0x00000000eb380000)
  object space 44032K, 18% used [0x00000000c1a00000,0x00000000c21edaa0,0x00000000c4500000)
 Metaspace       used 20443K, capacity 21180K, committed 21296K, reserved 1067008K
  class space    used 2754K, capacity 2934K, committed 2944K, reserved 1048576K
Event: 2.114 GC heap after
Heap after GC invocations=8 (full 1):
 PSYoungGen      total 71680K, used 0K [0x00000000eb380000, 0x00000000f3f80000, 0x0000000100000000)
  eden space 64000K, 0% used [0x00000000eb380000,0x00000000eb380000,0x00000000ef200000)
  from space 7680K, 0% used [0x00000000ef200000,0x00000000ef200000,0x00000000ef980000)
  to   space 7680K, 0% used [0x00000000f3800000,0x00000000f3800000,0x00000000f3f80000)
 ParOldGen       total 33280K, used 10415K [0x00000000c1a00000, 0x00000000c3a80000, 0x00000000eb380000)
  object space 33280K, 31% used [0x00000000c1a00000,0x00000000c242bfa8,0x00000000c3a80000)
 Metaspace       used 20439K, capacity 21168K, committed 21296K, reserved 1067008K
  class space    used 2753K, capacity 2932K, committed 2944K, reserved 1048576K
}
Event: 2.357 GC heap before
{Heap before GC invocations=9 (full 1):
 PSYoungGen      total 71680K, used 64000K [0x00000000eb380000, 0x00000000f3f80000, 0x0000000100000000)
  eden space 64000K, 100% used [0x00000000eb380000,0x00000000ef200000,0x00000000ef200000)
  from space 7680K, 0% used [0x00000000ef200000,0x00000000ef200000,0x00000000ef980000)
  to   space 7680K, 0% used [0x00000000f3800000,0x00000000f3800000,0x00000000f3f80000)
 ParOldGen       total 33280K, used 10425K [0x00000000c1a00000, 0x00000000c3a80000, 0x00000000eb380000)
  object space 33280K, 31% used [0x00000000c1a00000,0x00000000c242e7a8,0x00000000c3a80000)
 Metaspace       used 21498K, capacity 22326K, committed 22656K, reserved 1069056K
  class space    used 2901K, capacity 3095K, committed 3200K, reserved 1048576K
Event: 2.360 GC heap after
Heap after GC invocations=9 (full 1):
 PSYoungGen      total 115200K, used 2587K [0x00000000eb380000, 0x00000000f3b00000, 0x0000000100000000)
  eden space 112128K, 0% used [0x00000000eb380000,0x00000000eb380000,0x00000000f2100000)
  from space 3072K, 84% used [0x00000000f3800000,0x00000000f3a86c40,0x00000000f3b00000)
  to   space 7680K, 0% used [0x00000000f2c00000,0x00000000f2c00000,0x00000000f3380000)
 ParOldGen       total 33280K, used 10433K [0x00000000c1a00000, 0x00000000c3a80000, 0x00000000eb380000)
  object space 33280K, 31% used [0x00000000c1a00000,0x00000000c24307a8,0x00000000c3a80000)
 Metaspace       used 21498K, capacity 22326K, committed 22656K, reserved 1069056K
  class space    used 2901K, capacity 3095K, committed 3200K, reserved 1048576K
}
Event: 3.626 GC heap before
{Heap before GC invocations=10 (full 1):
 PSYoungGen      total 115200K, used 114715K [0x00000000eb380000, 0x00000000f3b00000, 0x0000000100000000)
  eden space 112128K, 100% used [0x00000000eb380000,0x00000000f2100000,0x00000000f2100000)
  from space 3072K, 84% used [0x00000000f3800000,0x00000000f3a86c40,0x00000000f3b00000)
  to   space 7680K, 0% used [0x00000000f2c00000,0x00000000f2c00000,0x00000000f3380000)
 ParOldGen       total 33280K, used 10433K [0x00000000c1a00000, 0x00000000c3a80000, 0x00000000eb380000)
  object space 33280K, 31% used [0x00000000c1a00000,0x00000000c24307a8,0x00000000c3a80000)
 Metaspace       used 29280K, capacity 31090K, committed 31360K, reserved 1077248K
  class space    used 4024K, capacity 4372K, committed 4480K, reserved 1048576K
Event: 3.641 GC heap after
Heap after GC invocations=10 (full 1):
 PSYoungGen      total 131072K, used 7675K [0x00000000eb380000, 0x00000000f6580000, 0x0000000100000000)
  eden space 123392K, 0% used [0x00000000eb380000,0x00000000eb380000,0x00000000f2c00000)
  from space 7680K, 99% used [0x00000000f2c00000,0x00000000f337ef70,0x00000000f3380000)
  to   space 11264K, 0% used [0x00000000f5a80000,0x00000000f5a80000,0x00000000f6580000)
 ParOldGen       total 33280K, used 16455K [0x00000000c1a00000, 0x00000000c3a80000, 0x00000000eb380000)
  object space 33280K, 49% used [0x00000000c1a00000,0x00000000c2a11f28,0x00000000c3a80000)
 Metaspace       used 29280K, capacity 31090K, committed 31360K, reserved 1077248K
  class space    used 4024K, capacity 4372K, committed 4480K, reserved 1048576K
}
Event: 4.350 GC heap before
{Heap before GC invocations=11 (full 1):
 PSYoungGen      total 131072K, used 131067K [0x00000000eb380000, 0x00000000f6580000, 0x0000000100000000)
  eden space 123392K, 100% used [0x00000000eb380000,0x00000000f2c00000,0x00000000f2c00000)
  from space 7680K, 99% used [0x00000000f2c00000,0x00000000f337ef70,0x00000000f3380000)
  to   space 11264K, 0% used [0x00000000f5a80000,0x00000000f5a80000,0x00000000f6580000)
 ParOldGen       total 33280K, used 16455K [0x00000000c1a00000, 0x00000000c3a80000, 0x00000000eb380000)
  object space 33280K, 49% used [0x00000000c1a00000,0x00000000c2a11f28,0x00000000c3a80000)
 Metaspace       used 33357K, capacity 35360K, committed 35456K, reserved 1079296K
  class space    used 4560K, capacity 4969K, committed 4992K, reserved 1048576K
Event: 4.365 GC heap after
Heap after GC invocations=11 (full 1):
 PSYoungGen      total 169472K, used 10826K [0x00000000eb380000, 0x00000000f7580000, 0x0000000100000000)
  eden space 158208K, 0% used [0x00000000eb380000,0x00000000eb380000,0x00000000f4e00000)
  from space 11264K, 96% used [0x00000000f5a80000,0x00000000f6512ad8,0x00000000f6580000)
  to   space 12800K, 0% used [0x00000000f4e00000,0x00000000f4e00000,0x00000000f5a80000)
 ParOldGen       total 33280K, used 17511K [0x00000000c1a00000, 0x00000000c3a80000, 0x00000000eb380000)
  object space 33280K, 52% used [0x00000000c1a00000,0x00000000c2b19ed0,0x00000000c3a80000)
 Metaspace       used 33357K, capacity 35360K, committed 35456K, reserved 1079296K
  class space    used 4560K, capacity 4969K, committed 4992K, reserved 1048576K
}
Event: 4.365 GC heap before
{Heap before GC invocations=12 (full 2):
 PSYoungGen      total 169472K, used 10826K [0x00000000eb380000, 0x00000000f7580000, 0x0000000100000000)
  eden space 158208K, 0% used [0x00000000eb380000,0x00000000eb380000,0x00000000f4e00000)
  from space 11264K, 96% used [0x00000000f5a80000,0x00000000f6512ad8,0x00000000f6580000)
  to   space 12800K, 0% used [0x00000000f4e00000,0x00000000f4e00000,0x00000000f5a80000)
 ParOldGen       total 33280K, used 17511K [0x00000000c1a00000, 0x00000000c3a80000, 0x00000000eb380000)
  object space 33280K, 52% used [0x00000000c1a00000,0x00000000c2b19ed0,0x00000000c3a80000)
 Metaspace       used 33357K, capacity 35360K, committed 35456K, reserved 1079296K
  class space    used 4560K, capacity 4969K, committed 4992K, reserved 1048576K
Event: 4.467 GC heap after
Heap after GC invocations=12 (full 2):
 PSYoungGen      total 169472K, used 0K [0x00000000eb380000, 0x00000000f7580000, 0x0000000100000000)
  eden space 158208K, 0% used [0x00000000eb380000,0x00000000eb380000,0x00000000f4e00000)
  from space 11264K, 0% used [0x00000000f5a80000,0x00000000f5a80000,0x00000000f6580000)
  to   space 12800K, 0% used [0x00000000f4e00000,0x00000000f4e00000,0x00000000f5a80000)
 ParOldGen       total 49664K, used 16315K [0x00000000c1a00000, 0x00000000c4a80000, 0x00000000eb380000)
  object space 49664K, 32% used [0x00000000c1a00000,0x00000000c29eed08,0x00000000c4a80000)
 Metaspace       used 33357K, capacity 35360K, committed 35456K, reserved 1079296K
  class space    used 4560K, capacity 4969K, committed 4992K, reserved 1048576K
}

