# JRE version: Java(TM) SE Runtime Environment (8.0_212-b10) (build 1.8.0_212-b10)
# Java VM: Java HotSpot(TM) 64-Bit Server VM (25.212-b10 mixed mode windows-amd64 compressed oops)
Heap:
 PSYoungGen      total 167936K, used 45154K [0x00000000eb380000, 0x00000000f7380000, 0x0000000100000000)
  eden space 156672K, 28% used [0x00000000eb380000,0x00000000edf98928,0x00000000f4c80000)
  from space 11264K, 0% used [0x00000000f5900000,0x00000000f5900000,0x00000000f6400000)
  to   space 12800K, 0% used [0x00000000f4c80000,0x00000000f4c80000,0x00000000f5900000)
 ParOldGen       total 48128K, used 16302K [0x00000000c1a00000, 0x00000000c4900000, 0x00000000eb380000)
  object space 48128K, 33% used [0x00000000c1a00000,0x00000000c29eb878,0x00000000c4900000)
 Metaspace       used 37448K, capacity 39678K, committed 39808K, reserved 1083392K
  class space    used 5228K, capacity 5654K, committed 5760K, reserved 1048576K
GC Heap History (10 events):
Event: 1.733 GC heap before
{Heap before GC invocations=8 (full 1):
 PSYoungGen      total 71680K, used 5623K [0x00000000eb380000, 0x00000000f3f80000, 0x0000000100000000)
  eden space 64000K, 0% used [0x00000000eb380000,0x00000000eb380000,0x00000000ef200000)
  from space 7680K, 73% used [0x00000000ef200000,0x00000000ef77df60,0x00000000ef980000)
  to   space 7680K, 0% used [0x00000000f3800000,0x00000000f3800000,0x00000000f3f80000)
 ParOldGen       total 44032K, used 8211K [0x00000000c1a00000, 0x00000000c4500000, 0x00000000eb380000)
  object space 44032K, 18% used [0x00000000c1a00000,0x00000000c2204f48,0x00000000c4500000)
 Metaspace       used 20450K, capacity 21170K, committed 21296K, reserved 1067008K
  class space    used 2752K, capacity 2933K, committed 2944K, reserved 1048576K
Event: 1.771 GC heap after
Heap after GC invocations=8 (full 1):
 PSYoungGen      total 71680K, used 0K [0x00000000eb380000, 0x00000000f3f80000, 0x0000000100000000)
  eden space 64000K, 0% used [0x00000000eb380000,0x00000000eb380000,0x00000000ef200000)
  from space 7680K, 0% used [0x00000000ef200000,0x00000000ef200000,0x00000000ef980000)
  to   space 7680K, 0% used [0x00000000f3800000,0x00000000f3800000,0x00000000f3f80000)
 ParOldGen       total 33792K, used 10501K [0x00000000c1a00000, 0x00000000c3b00000, 0x00000000eb380000)
  object space 33792K, 31% used [0x00000000c1a00000,0x00000000c2441400,0x00000000c3b00000)
 Metaspace       used 20448K, capacity 21164K, committed 21296K, reserved 1067008K
  class space    used 2752K, capacity 2932K, committed 2944K, reserved 1048576K
}
Event: 2.235 GC heap before
{Heap before GC invocations=9 (full 1):
 PSYoungGen      total 71680K, used 64000K [0x00000000eb380000, 0x00000000f3f80000, 0x0000000100000000)
  eden space 64000K, 100% used [0x00000000eb380000,0x00000000ef200000,0x00000000ef200000)
  from space 7680K, 0% used [0x00000000ef200000,0x00000000ef200000,0x00000000ef980000)
  to   space 7680K, 0% used [0x00000000f3800000,0x00000000f3800000,0x00000000f3f80000)
 ParOldGen       total 33792K, used 10501K [0x00000000c1a00000, 0x00000000c3b00000, 0x00000000eb380000)
  object space 33792K, 31% used [0x00000000c1a00000,0x00000000c2441400,0x00000000c3b00000)
 Metaspace       used 21484K, capacity 22322K, committed 22656K, reserved 1069056K
  class space    used 2899K, capacity 3095K, committed 3200K, reserved 1048576K
Event: 2.238 GC heap after
Heap after GC invocations=9 (full 1):
 PSYoungGen      total 114688K, used 2584K [0x00000000eb380000, 0x00000000f3b00000, 0x0000000100000000)
  eden space 111616K, 0% used [0x00000000eb380000,0x00000000eb380000,0x00000000f2080000)
  from space 3072K, 84% used [0x00000000f3800000,0x00000000f3a86020,0x00000000f3b00000)
  to   space 7680K, 0% used [0x00000000f2c00000,0x00000000f2c00000,0x00000000f3380000)
 ParOldGen       total 33792K, used 10509K [0x00000000c1a00000, 0x00000000c3b00000, 0x00000000eb380000)
  object space 33792K, 31% used [0x00000000c1a00000,0x00000000c2443400,0x00000000c3b00000)
 Metaspace       used 21484K, capacity 22322K, committed 22656K, reserved 1069056K
  class space    used 2899K, capacity 3095K, committed 3200K, reserved 1048576K
}
Event: 4.322 GC heap before
{Heap before GC invocations=10 (full 1):
 PSYoungGen      total 114688K, used 114200K [0x00000000eb380000, 0x00000000f3b00000, 0x0000000100000000)
  eden space 111616K, 100% used [0x00000000eb380000,0x00000000f2080000,0x00000000f2080000)
  from space 3072K, 84% used [0x00000000f3800000,0x00000000f3a86020,0x00000000f3b00000)
  to   space 7680K, 0% used [0x00000000f2c00000,0x00000000f2c00000,0x00000000f3380000)
 ParOldGen       total 33792K, used 10509K [0x00000000c1a00000, 0x00000000c3b00000, 0x00000000eb380000)
  object space 33792K, 31% used [0x00000000c1a00000,0x00000000c2443400,0x00000000c3b00000)
 Metaspace       used 29271K, capacity 31026K, committed 31360K, reserved 1077248K
  class space    used 4023K, capacity 4372K, committed 4480K, reserved 1048576K
Event: 4.339 GC heap after
Heap after GC invocations=10 (full 1):
 PSYoungGen      total 131072K, used 7679K [0x00000000eb380000, 0x00000000f6400000, 0x0000000100000000)
  eden space 123392K, 0% used [0x00000000eb380000,0x00000000eb380000,0x00000000f2c00000)
  from space 7680K, 99% used [0x00000000f2c00000,0x00000000f337fdf0,0x00000000f3380000)
  to   space 11264K, 0% used [0x00000000f5900000,0x00000000f5900000,0x00000000f6400000)
 ParOldGen       total 33792K, used 16517K [0x00000000c1a00000, 0x00000000c3b00000, 0x00000000eb380000)
  object space 33792K, 48% used [0x00000000c1a00000,0x00000000c2a21788,0x00000000c3b00000)
 Metaspace       used 29271K, capacity 31026K, committed 31360K, reserved 1077248K
  class space    used 4023K, capacity 4372K, committed 4480K, reserved 1048576K
}
Event: 5.646 GC heap before
{Heap before GC invocations=11 (full 1):
 PSYoungGen      total 131072K, used 131071K [0x00000000eb380000, 0x00000000f6400000, 0x0000000100000000)
  eden space 123392K, 100% used [0x00000000eb380000,0x00000000f2c00000,0x00000000f2c00000)
  from space 7680K, 99% used [0x00000000f2c00000,0x00000000f337fdf0,0x00000000f3380000)
  to   space 11264K, 0% used [0x00000000f5900000,0x00000000f5900000,0x00000000f6400000)
 ParOldGen       total 33792K, used 16517K [0x00000000c1a00000, 0x00000000c3b00000, 0x00000000eb380000)
  object space 33792K, 48% used [0x00000000c1a00000,0x00000000c2a21788,0x00000000c3b00000)
 Metaspace       used 33349K, capacity 35364K, committed 35456K, reserved 1079296K
  class space    used 4559K, capacity 4969K, committed 4992K, reserved 1048576K
Event: 5.661 GC heap after
Heap after GC invocations=11 (full 1):
 PSYoungGen      total 167936K, used 10874K [0x00000000eb380000, 0x00000000f7380000, 0x0000000100000000)
  eden space 156672K, 0% used [0x00000000eb380000,0x00000000eb380000,0x00000000f4c80000)
  from space 11264K, 96% used [0x00000000f5900000,0x00000000f639ea10,0x00000000f6400000)
  to   space 12800K, 0% used [0x00000000f4c80000,0x00000000f4c80000,0x00000000f5900000)
 ParOldGen       total 33792K, used 17573K [0x00000000c1a00000, 0x00000000c3b00000, 0x00000000eb380000)
  object space 33792K, 52% used [0x00000000c1a00000,0x00000000c2b29730,0x00000000c3b00000)
 Metaspace       used 33349K, capacity 35364K, committed 35456K, reserved 1079296K
  class space    used 4559K, capacity 4969K, committed 4992K, reserved 1048576K
}
Event: 5.661 GC heap before
{Heap before GC invocations=12 (full 2):
 PSYoungGen      total 167936K, used 10874K [0x00000000eb380000, 0x00000000f7380000, 0x0000000100000000)
  eden space 156672K, 0% used [0x00000000eb380000,0x00000000eb380000,0x00000000f4c80000)
  from space 11264K, 96% used [0x00000000f5900000,0x00000000f639ea10,0x00000000f6400000)
  to   space 12800K, 0% used [0x00000000f4c80000,0x00000000f4c80000,0x00000000f5900000)
 ParOldGen       total 33792K, used 17573K [0x00000000c1a00000, 0x00000000c3b00000, 0x00000000eb380000)
  object space 33792K, 52% used [0x00000000c1a00000,0x00000000c2b29730,0x00000000c3b00000)
 Metaspace       used 33349K, capacity 35364K, committed 35456K, reserved 1079296K
  class space    used 4559K, capacity 4969K, committed 4992K, reserved 1048576K
Event: 5.742 GC heap after
Heap after GC invocations=12 (full 2):
 PSYoungGen      total 167936K, used 0K [0x00000000eb380000, 0x00000000f7380000, 0x0000000100000000)
  eden space 156672K, 0% used [0x00000000eb380000,0x00000000eb380000,0x00000000f4c80000)
  from space 11264K, 0% used [0x00000000f5900000,0x00000000f5900000,0x00000000f6400000)
  to   space 12800K, 0% used [0x00000000f4c80000,0x00000000f4c80000,0x00000000f5900000)
 ParOldGen       total 48128K, used 16302K [0x00000000c1a00000, 0x00000000c4900000, 0x00000000eb380000)
  object space 48128K, 33% used [0x00000000c1a00000,0x00000000c29eb878,0x00000000c4900000)
 Metaspace       used 33349K, capacity 35364K, committed 35456K, reserved 1079296K
  class space    used 4559K, capacity 4969K, committed 4992K, reserved 1048576K
}

